[17:56:53] [ServerMain/INFO]: Environment: authHost='https://authserver.mojang.com', accountsHost='https://api.mojang.com', sessionHost='https://sessionserver.mojang.com', servicesHost='https://api.minecraftservices.com', name='PROD'
[17:56:53] [ServerMain/INFO]: Found new data pack file/bukkit, loading it automatically
[17:56:53] [ServerMain/INFO]: Reloading ResourceManager: Default, bukkit
[17:56:54] [Worker-Main-12/INFO]: Loaded 7 recipes
[17:56:57] [Server thread/INFO]: Starting minecraft server version 1.18.1
[17:56:57] [Server thread/INFO]: Loading properties
[17:56:57] [Server thread/INFO]: This server is running CraftBukkit version 3443-Spigot-699290c-2c1e499 (MC: 1.18.1) (Implementing API version 1.18.1-R0.1-SNAPSHOT)
[17:56:57] [Server thread/INFO]: Debug logging is disabled
[17:56:57] [Server thread/INFO]: Server Ping Player Sample Count: 12
[17:56:57] [Server thread/INFO]: Using 4 threads for Netty based IO
[17:56:57] [Server thread/INFO]: Default game type: SURVIVAL
[17:56:57] [Server thread/INFO]: Generating keypair
[17:56:57] [Server thread/INFO]: Starting Minecraft server on *:25565
[17:56:57] [Server thread/INFO]: Using default channel type
[17:56:58] [Server thread/WARN]: **** SERVER IS RUNNING IN OFFLINE/INSECURE MODE!
[17:56:58] [Server thread/WARN]: The server will make no attempt to authenticate usernames. Beware.
[17:56:58] [Server thread/WARN]: While this makes the game possible to play without internet access, it also opens up the ability for hackers to connect with any username they choose.
[17:56:58] [Server thread/WARN]: To change this, set "online-mode" to "true" in the server.properties file.
[17:56:58] [Server thread/INFO]: Preparing level "world"
[17:56:58] [Server thread/INFO]: -------- World Settings For [world] --------
[17:56:58] [Server thread/INFO]: Item Despawn Rate: 6000
[17:56:58] [Server thread/INFO]: Item Merge Radius: 2.5
[17:56:58] [Server thread/INFO]: Allow Zombie Pigmen to spawn from portal blocks: true
[17:56:58] [Server thread/INFO]: View Distance: 4
[17:56:58] [Server thread/INFO]: Simulation Distance: 10
[17:56:58] [Server thread/INFO]: Nerfing mobs spawned from spawners: false
[17:56:58] [Server thread/INFO]: Zombie Aggressive Towards Villager: true
[17:56:58] [Server thread/INFO]: Cactus Growth Modifier: 100%
[17:56:58] [Server thread/INFO]: Cane Growth Modifier: 100%
[17:56:58] [Server thread/INFO]: Melon Growth Modifier: 100%
[17:56:58] [Server thread/INFO]: Mushroom Growth Modifier: 100%
[17:56:58] [Server thread/INFO]: Pumpkin Growth Modifier: 100%
[17:56:58] [Server thread/INFO]: Sapling Growth Modifier: 100%
[17:56:58] [Server thread/INFO]: Beetroot Growth Modifier: 100%
[17:56:58] [Server thread/INFO]: Carrot Growth Modifier: 100%
[17:56:58] [Server thread/INFO]: Potato Growth Modifier: 100%
[17:56:58] [Server thread/INFO]: Wheat Growth Modifier: 100%
[17:56:58] [Server thread/INFO]: NetherWart Growth Modifier: 100%
[17:56:58] [Server thread/INFO]: Vine Growth Modifier: 100%
[17:56:58] [Server thread/INFO]: Cocoa Growth Modifier: 100%
[17:56:58] [Server thread/INFO]: Bamboo Growth Modifier: 100%
[17:56:58] [Server thread/INFO]: SweetBerry Growth Modifier: 100%
[17:56:58] [Server thread/INFO]: Kelp Growth Modifier: 100%
[17:56:58] [Server thread/INFO]: Mob Spawn Range: 6
[17:56:58] [Server thread/INFO]: Experience Merge Radius: 3.0
[17:56:58] [Server thread/INFO]: Entity Activation Range: An 32 / Mo 32 / Ra 48 / Mi 16 / Tiv true / Isa false
[17:56:58] [Server thread/INFO]: Entity Tracking Range: Pl 48 / An 48 / Mo 48 / Mi 32 / Other 64
[17:56:58] [Server thread/INFO]: Hopper Transfer: 8 Hopper Check: 1 Hopper Amount: 1
[17:56:58] [Server thread/INFO]: Custom Map Seeds:  Village: 10387312 Desert: 14357617 Igloo: 14357618 Jungle: 14357619 Swamp: 14357620 Monument: 10387313 Ocean: 14357621 Shipwreck: 165745295 End City: 10387313 Slime: 987234911 Bastion: 30084232 Fortress: 30084232 Mansion: 10387319 Fossil: 14357921 Portal: 34222645
[17:56:58] [Server thread/INFO]: Max TNT Explosions: 100
[17:56:58] [Server thread/INFO]: Tile Max Tick Time: 50ms Entity max Tick Time: 50ms
[17:56:58] [Server thread/INFO]: Arrow Despawn Rate: 1200 Trident Respawn Rate:1200
[17:57:07] [Server thread/INFO]: -------- World Settings For [world_nether] --------
[17:57:07] [Server thread/INFO]: Item Despawn Rate: 6000
[17:57:07] [Server thread/INFO]: Item Merge Radius: 2.5
[17:57:07] [Server thread/INFO]: Allow Zombie Pigmen to spawn from portal blocks: true
[17:57:07] [Server thread/INFO]: View Distance: 4
[17:57:07] [Server thread/INFO]: Simulation Distance: 10
[17:57:07] [Server thread/INFO]: Nerfing mobs spawned from spawners: false
[17:57:07] [Server thread/INFO]: Zombie Aggressive Towards Villager: true
[17:57:07] [Server thread/INFO]: Cactus Growth Modifier: 100%
[17:57:07] [Server thread/INFO]: Cane Growth Modifier: 100%
[17:57:07] [Server thread/INFO]: Melon Growth Modifier: 100%
[17:57:07] [Server thread/INFO]: Mushroom Growth Modifier: 100%
[17:57:07] [Server thread/INFO]: Pumpkin Growth Modifier: 100%
[17:57:07] [Server thread/INFO]: Sapling Growth Modifier: 100%
[17:57:07] [Server thread/INFO]: Beetroot Growth Modifier: 100%
[17:57:07] [Server thread/INFO]: Carrot Growth Modifier: 100%
[17:57:07] [Server thread/INFO]: Potato Growth Modifier: 100%
[17:57:07] [Server thread/INFO]: Wheat Growth Modifier: 100%
[17:57:07] [Server thread/INFO]: NetherWart Growth Modifier: 100%
[17:57:07] [Server thread/INFO]: Vine Growth Modifier: 100%
[17:57:07] [Server thread/INFO]: Cocoa Growth Modifier: 100%
[17:57:07] [Server thread/INFO]: Bamboo Growth Modifier: 100%
[17:57:07] [Server thread/INFO]: SweetBerry Growth Modifier: 100%
[17:57:07] [Server thread/INFO]: Kelp Growth Modifier: 100%
[17:57:07] [Server thread/INFO]: Mob Spawn Range: 6
[17:57:07] [Server thread/INFO]: Experience Merge Radius: 3.0
[17:57:07] [Server thread/INFO]: Entity Activation Range: An 32 / Mo 32 / Ra 48 / Mi 16 / Tiv true / Isa false
[17:57:07] [Server thread/INFO]: Entity Tracking Range: Pl 48 / An 48 / Mo 48 / Mi 32 / Other 64
[17:57:07] [Server thread/INFO]: Hopper Transfer: 8 Hopper Check: 1 Hopper Amount: 1
[17:57:07] [Server thread/INFO]: Custom Map Seeds:  Village: 10387312 Desert: 14357617 Igloo: 14357618 Jungle: 14357619 Swamp: 14357620 Monument: 10387313 Ocean: 14357621 Shipwreck: 165745295 End City: 10387313 Slime: 987234911 Bastion: 30084232 Fortress: 30084232 Mansion: 10387319 Fossil: 14357921 Portal: 34222645
[17:57:07] [Server thread/INFO]: Max TNT Explosions: 100
[17:57:07] [Server thread/INFO]: Tile Max Tick Time: 50ms Entity max Tick Time: 50ms
[17:57:07] [Server thread/INFO]: Arrow Despawn Rate: 1200 Trident Respawn Rate:1200
[17:57:09] [Server thread/INFO]: -------- World Settings For [world_the_end] --------
[17:57:09] [Server thread/INFO]: Item Despawn Rate: 6000
[17:57:09] [Server thread/INFO]: Item Merge Radius: 2.5
[17:57:09] [Server thread/INFO]: Allow Zombie Pigmen to spawn from portal blocks: true
[17:57:09] [Server thread/INFO]: View Distance: 4
[17:57:09] [Server thread/INFO]: Simulation Distance: 10
[17:57:09] [Server thread/INFO]: Nerfing mobs spawned from spawners: false
[17:57:09] [Server thread/INFO]: Zombie Aggressive Towards Villager: true
[17:57:09] [Server thread/INFO]: Cactus Growth Modifier: 100%
[17:57:09] [Server thread/INFO]: Cane Growth Modifier: 100%
[17:57:09] [Server thread/INFO]: Melon Growth Modifier: 100%
[17:57:09] [Server thread/INFO]: Mushroom Growth Modifier: 100%
[17:57:09] [Server thread/INFO]: Pumpkin Growth Modifier: 100%
[17:57:09] [Server thread/INFO]: Sapling Growth Modifier: 100%
[17:57:09] [Server thread/INFO]: Beetroot Growth Modifier: 100%
[17:57:09] [Server thread/INFO]: Carrot Growth Modifier: 100%
[17:57:09] [Server thread/INFO]: Potato Growth Modifier: 100%
[17:57:09] [Server thread/INFO]: Wheat Growth Modifier: 100%
[17:57:09] [Server thread/INFO]: NetherWart Growth Modifier: 100%
[17:57:09] [Server thread/INFO]: Vine Growth Modifier: 100%
[17:57:09] [Server thread/INFO]: Cocoa Growth Modifier: 100%
[17:57:09] [Server thread/INFO]: Bamboo Growth Modifier: 100%
[17:57:09] [Server thread/INFO]: SweetBerry Growth Modifier: 100%
[17:57:09] [Server thread/INFO]: Kelp Growth Modifier: 100%
[17:57:09] [Server thread/INFO]: Mob Spawn Range: 6
[17:57:09] [Server thread/INFO]: Experience Merge Radius: 3.0
[17:57:09] [Server thread/INFO]: Entity Activation Range: An 32 / Mo 32 / Ra 48 / Mi 16 / Tiv true / Isa false
[17:57:09] [Server thread/INFO]: Entity Tracking Range: Pl 48 / An 48 / Mo 48 / Mi 32 / Other 64
[17:57:09] [Server thread/INFO]: Hopper Transfer: 8 Hopper Check: 1 Hopper Amount: 1
[17:57:09] [Server thread/INFO]: Custom Map Seeds:  Village: 10387312 Desert: 14357617 Igloo: 14357618 Jungle: 14357619 Swamp: 14357620 Monument: 10387313 Ocean: 14357621 Shipwreck: 165745295 End City: 10387313 Slime: 987234911 Bastion: 30084232 Fortress: 30084232 Mansion: 10387319 Fossil: 14357921 Portal: 34222645
[17:57:09] [Server thread/INFO]: Max TNT Explosions: 100
[17:57:09] [Server thread/INFO]: Tile Max Tick Time: 50ms Entity max Tick Time: 50ms
[17:57:09] [Server thread/INFO]: Arrow Despawn Rate: 1200 Trident Respawn Rate:1200
[17:57:10] [Server thread/INFO]: Preparing start region for dimension minecraft:overworld
[17:57:11] [Worker-Main-16/INFO]: Preparing spawn area: 0%
[17:57:11] [Worker-Main-16/INFO]: Preparing spawn area: 0%
[17:57:11] [Worker-Main-16/INFO]: Preparing spawn area: 0%
[17:57:11] [Worker-Main-9/INFO]: Preparing spawn area: 0%
[17:57:12] [Worker-Main-11/INFO]: Preparing spawn area: 0%
[17:57:12] [Worker-Main-10/INFO]: Preparing spawn area: 0%
[17:57:13] [Worker-Main-11/INFO]: Preparing spawn area: 0%
[17:57:13] [Worker-Main-9/INFO]: Preparing spawn area: 0%
[17:57:14] [Worker-Main-9/INFO]: Preparing spawn area: 0%
[17:57:14] [Worker-Main-16/INFO]: Preparing spawn area: 1%
[17:57:15] [Worker-Main-12/INFO]: Preparing spawn area: 1%
[17:57:15] [Worker-Main-11/INFO]: Preparing spawn area: 1%
[17:57:16] [Worker-Main-8/INFO]: Preparing spawn area: 2%
[17:57:16] [Worker-Main-10/INFO]: Preparing spawn area: 3%
[17:57:17] [Worker-Main-11/INFO]: Preparing spawn area: 3%
[17:57:17] [Worker-Main-11/INFO]: Preparing spawn area: 3%
[17:57:18] [Worker-Main-10/INFO]: Preparing spawn area: 4%
[17:57:19] [Worker-Main-10/INFO]: Preparing spawn area: 5%
[17:57:19] [Worker-Main-12/INFO]: Preparing spawn area: 6%
[17:57:19] [Worker-Main-14/INFO]: Preparing spawn area: 6%
[17:57:20] [Worker-Main-12/INFO]: Preparing spawn area: 7%
[17:57:20] [Worker-Main-8/INFO]: Preparing spawn area: 8%
[17:57:21] [Worker-Main-11/INFO]: Preparing spawn area: 9%
[17:57:21] [Worker-Main-9/INFO]: Preparing spawn area: 9%
[17:57:22] [Worker-Main-8/INFO]: Preparing spawn area: 10%
[17:57:22] [Worker-Main-11/INFO]: Preparing spawn area: 11%
[17:57:23] [Worker-Main-11/INFO]: Preparing spawn area: 11%
[17:57:23] [Worker-Main-11/INFO]: Preparing spawn area: 13%
[17:57:24] [Worker-Main-10/INFO]: Preparing spawn area: 15%
[17:57:24] [Worker-Main-12/INFO]: Preparing spawn area: 16%
[17:57:25] [Worker-Main-10/INFO]: Preparing spawn area: 16%
[17:57:25] [Worker-Main-16/INFO]: Preparing spawn area: 17%
[17:57:26] [Worker-Main-12/INFO]: Preparing spawn area: 18%
[17:57:26] [Worker-Main-12/INFO]: Preparing spawn area: 20%
[17:57:27] [Worker-Main-14/INFO]: Preparing spawn area: 21%
[17:57:27] [Worker-Main-9/INFO]: Preparing spawn area: 22%
[17:57:28] [Worker-Main-10/INFO]: Preparing spawn area: 23%
[17:57:28] [Worker-Main-10/INFO]: Preparing spawn area: 24%
[17:57:29] [Worker-Main-8/INFO]: Preparing spawn area: 25%
[17:57:29] [Worker-Main-10/INFO]: Preparing spawn area: 27%
[17:57:30] [Worker-Main-14/INFO]: Preparing spawn area: 28%
[17:57:30] [Worker-Main-8/INFO]: Preparing spawn area: 30%
[17:57:31] [Worker-Main-12/INFO]: Preparing spawn area: 31%
[17:57:31] [Worker-Main-16/INFO]: Preparing spawn area: 32%
[17:57:32] [Worker-Main-9/INFO]: Preparing spawn area: 32%
[17:57:32] [Worker-Main-14/INFO]: Preparing spawn area: 33%
[17:57:33] [Worker-Main-14/INFO]: Preparing spawn area: 35%
[17:57:33] [Worker-Main-9/INFO]: Preparing spawn area: 36%
[17:57:34] [Worker-Main-9/INFO]: Preparing spawn area: 38%
[17:57:34] [Worker-Main-12/INFO]: Preparing spawn area: 39%
[17:57:35] [Worker-Main-8/INFO]: Preparing spawn area: 41%
[17:57:35] [Worker-Main-14/INFO]: Preparing spawn area: 42%
[17:57:36] [Worker-Main-16/INFO]: Preparing spawn area: 43%
[17:57:36] [Worker-Main-8/INFO]: Preparing spawn area: 44%
[17:57:37] [Worker-Main-16/INFO]: Preparing spawn area: 45%
[17:57:37] [Worker-Main-14/INFO]: Preparing spawn area: 45%
[17:57:38] [Worker-Main-9/INFO]: Preparing spawn area: 47%
[17:57:38] [Worker-Main-14/INFO]: Preparing spawn area: 48%
[17:57:39] [Worker-Main-12/INFO]: Preparing spawn area: 49%
[17:57:39] [Worker-Main-8/INFO]: Preparing spawn area: 51%
[17:57:40] [Worker-Main-16/INFO]: Preparing spawn area: 53%
[17:57:40] [Worker-Main-14/INFO]: Preparing spawn area: 54%
[17:57:41] [Worker-Main-9/INFO]: Preparing spawn area: 55%
[17:57:41] [Worker-Main-11/INFO]: Preparing spawn area: 55%
[17:57:42] [Worker-Main-9/INFO]: Preparing spawn area: 56%
[17:57:42] [Worker-Main-14/INFO]: Preparing spawn area: 57%
[17:57:43] [Worker-Main-12/INFO]: Preparing spawn area: 59%
[17:57:43] [Worker-Main-10/INFO]: Preparing spawn area: 59%
[17:57:44] [Worker-Main-14/INFO]: Preparing spawn area: 61%
[17:57:44] [Worker-Main-14/INFO]: Preparing spawn area: 61%
[17:57:45] [Worker-Main-11/INFO]: Preparing spawn area: 63%
[17:57:45] [Worker-Main-16/INFO]: Preparing spawn area: 63%
[17:57:46] [Worker-Main-14/INFO]: Preparing spawn area: 65%
[17:57:46] [Worker-Main-10/INFO]: Preparing spawn area: 66%
[17:57:47] [Worker-Main-12/INFO]: Preparing spawn area: 67%
[17:57:48] [Worker-Main-10/INFO]: Preparing spawn area: 68%
[17:57:48] [Worker-Main-11/INFO]: Preparing spawn area: 69%
[17:57:48] [Worker-Main-14/INFO]: Preparing spawn area: 69%
[17:57:49] [Worker-Main-10/INFO]: Preparing spawn area: 70%
[17:57:49] [Worker-Main-10/INFO]: Preparing spawn area: 70%
[17:57:50] [Worker-Main-14/INFO]: Preparing spawn area: 72%
[17:57:50] [Worker-Main-14/INFO]: Preparing spawn area: 74%
[17:57:51] [Worker-Main-10/INFO]: Preparing spawn area: 75%
[17:57:51] [Worker-Main-16/INFO]: Preparing spawn area: 76%
[17:57:52] [Worker-Main-14/INFO]: Preparing spawn area: 78%
[17:57:52] [Worker-Main-16/INFO]: Preparing spawn area: 79%
[17:57:53] [Worker-Main-12/INFO]: Preparing spawn area: 80%
[17:57:53] [Worker-Main-12/INFO]: Preparing spawn area: 81%
[17:57:54] [Worker-Main-8/INFO]: Preparing spawn area: 83%
[17:57:54] [Worker-Main-14/INFO]: Preparing spawn area: 83%
[17:57:55] [Worker-Main-14/INFO]: Preparing spawn area: 84%
[17:57:55] [Worker-Main-10/INFO]: Preparing spawn area: 84%
[17:57:56] [Worker-Main-8/INFO]: Preparing spawn area: 87%
[17:57:58] [Worker-Main-8/INFO]: Preparing spawn area: 88%
[17:57:58] [Worker-Main-8/INFO]: Preparing spawn area: 88%
[17:57:58] [Worker-Main-14/INFO]: Preparing spawn area: 88%
[17:57:58] [Worker-Main-14/INFO]: Preparing spawn area: 88%
[17:57:58] [Worker-Main-14/INFO]: Preparing spawn area: 88%
[17:57:59] [Worker-Main-9/INFO]: Preparing spawn area: 89%
[17:57:59] [Worker-Main-10/INFO]: Preparing spawn area: 90%
[17:58:00] [Worker-Main-9/INFO]: Preparing spawn area: 91%
[17:58:00] [Worker-Main-14/INFO]: Preparing spawn area: 93%
[17:58:01] [Worker-Main-9/INFO]: Preparing spawn area: 94%
[17:58:01] [Worker-Main-12/INFO]: Preparing spawn area: 95%
[17:58:02] [Worker-Main-10/INFO]: Preparing spawn area: 96%
[17:58:02] [Worker-Main-8/INFO]: Preparing spawn area: 98%
[17:58:03] [Server thread/INFO]: Time elapsed: 52650 ms
[17:58:03] [Server thread/INFO]: Preparing start region for dimension minecraft:the_nether
[17:58:04] [Worker-Main-11/INFO]: Preparing spawn area: 0%
[17:58:04] [Worker-Main-11/INFO]: Preparing spawn area: 0%
[17:58:04] [Worker-Main-11/INFO]: Preparing spawn area: 0%
[17:58:04] [Worker-Main-11/INFO]: Preparing spawn area: 0%
[17:58:05] [Worker-Main-9/INFO]: Preparing spawn area: 0%
[17:58:05] [Worker-Main-9/INFO]: Preparing spawn area: 0%
[17:58:06] [Worker-Main-8/INFO]: Preparing spawn area: 0%
[17:58:06] [Worker-Main-9/INFO]: Preparing spawn area: 1%
[17:58:07] [Worker-Main-10/INFO]: Preparing spawn area: 2%
[17:58:07] [Worker-Main-16/INFO]: Preparing spawn area: 3%
[17:58:08] [Worker-Main-14/INFO]: Preparing spawn area: 4%
[17:58:08] [Worker-Main-8/INFO]: Preparing spawn area: 5%
[17:58:09] [Worker-Main-16/INFO]: Preparing spawn area: 5%
[17:58:09] [Worker-Main-16/INFO]: Preparing spawn area: 6%
[17:58:10] [Worker-Main-8/INFO]: Preparing spawn area: 9%
[17:58:10] [Worker-Main-8/INFO]: Preparing spawn area: 10%
[17:58:11] [Worker-Main-16/INFO]: Preparing spawn area: 13%
[17:58:11] [Worker-Main-9/INFO]: Preparing spawn area: 15%
[17:58:12] [Worker-Main-11/INFO]: Preparing spawn area: 18%
[17:58:12] [Worker-Main-16/INFO]: Preparing spawn area: 20%
[17:58:13] [Worker-Main-10/INFO]: Preparing spawn area: 23%
[17:58:13] [Worker-Main-12/INFO]: Preparing spawn area: 24%
[17:58:14] [Worker-Main-14/INFO]: Preparing spawn area: 28%
[17:58:14] [Worker-Main-12/INFO]: Preparing spawn area: 31%
[17:58:15] [Worker-Main-16/INFO]: Preparing spawn area: 33%
[17:58:15] [Worker-Main-12/INFO]: Preparing spawn area: 34%
[17:58:16] [Worker-Main-16/INFO]: Preparing spawn area: 38%
[17:58:16] [Worker-Main-8/INFO]: Preparing spawn area: 41%
[17:58:17] [Worker-Main-8/INFO]: Preparing spawn area: 43%
[17:58:17] [Worker-Main-12/INFO]: Preparing spawn area: 44%
[17:58:18] [Worker-Main-11/INFO]: Preparing spawn area: 46%
[17:58:18] [Worker-Main-14/INFO]: Preparing spawn area: 51%
[17:58:19] [Worker-Main-11/INFO]: Preparing spawn area: 54%
[17:58:19] [Worker-Main-10/INFO]: Preparing spawn area: 55%
[17:58:20] [Worker-Main-12/INFO]: Preparing spawn area: 57%
[17:58:20] [Worker-Main-8/INFO]: Preparing spawn area: 61%
[17:58:21] [Worker-Main-10/INFO]: Preparing spawn area: 65%
[17:58:21] [Worker-Main-16/INFO]: Preparing spawn area: 68%
[17:58:22] [Worker-Main-16/INFO]: Preparing spawn area: 70%
[17:58:22] [Worker-Main-12/INFO]: Preparing spawn area: 72%
[17:58:23] [Worker-Main-12/INFO]: Preparing spawn area: 76%
[17:58:23] [Worker-Main-16/INFO]: Preparing spawn area: 82%
[17:58:24] [Worker-Main-11/INFO]: Preparing spawn area: 84%
[17:58:24] [Worker-Main-11/INFO]: Preparing spawn area: 86%
[17:58:25] [Worker-Main-10/INFO]: Preparing spawn area: 90%
[17:58:25] [Worker-Main-12/INFO]: Preparing spawn area: 93%
[17:58:26] [Worker-Main-14/INFO]: Preparing spawn area: 98%
[17:58:26] [Server thread/INFO]: Time elapsed: 23191 ms
[17:58:26] [Server thread/INFO]: Preparing start region for dimension minecraft:the_end
[17:58:27] [Worker-Main-10/INFO]: Preparing spawn area: 0%
[17:58:27] [Worker-Main-8/INFO]: Preparing spawn area: 0%
[17:58:27] [Worker-Main-8/INFO]: Preparing spawn area: 0%
[17:58:27] [Worker-Main-10/INFO]: Preparing spawn area: 1%
[17:58:28] [Worker-Main-9/INFO]: Preparing spawn area: 9%
[17:58:28] [Worker-Main-10/INFO]: Preparing spawn area: 21%
[17:58:29] [Worker-Main-11/INFO]: Preparing spawn area: 26%
[17:58:29] [Worker-Main-9/INFO]: Preparing spawn area: 42%
[17:58:30] [Worker-Main-9/INFO]: Preparing spawn area: 57%
[17:58:30] [Worker-Main-16/INFO]: Preparing spawn area: 68%
[17:58:31] [Worker-Main-14/INFO]: Preparing spawn area: 85%
[17:58:31] [Server thread/INFO]: Time elapsed: 5311 ms
[17:58:31] [Server thread/INFO]: Done (93.329s)! For help, type "help"
[18:02:01] [Server thread/INFO]: Stopping the server
[18:02:01] [Server thread/INFO]: Stopping server
[18:02:01] [Server thread/INFO]: Saving players
[18:02:01] [Server thread/INFO]: Saving worlds
[18:02:01] [Server thread/INFO]: Saving chunks for level 'ServerLevel[world]'/minecraft:overworld
[18:02:01] [Server thread/INFO]: Saving chunks for level 'ServerLevel[world_nether]'/minecraft:the_nether
[18:02:01] [Server thread/INFO]: Saving chunks for level 'ServerLevel[world_the_end]'/minecraft:the_end
[18:02:01] [Server thread/INFO]: ThreadedAnvilChunkStorage (world): All chunks are saved
[18:02:01] [Server thread/INFO]: ThreadedAnvilChunkStorage (DIM-1): All chunks are saved
[18:02:01] [Server thread/INFO]: ThreadedAnvilChunkStorage (DIM1): All chunks are saved
[18:02:01] [Server thread/INFO]: ThreadedAnvilChunkStorage: All dimensions are saved
